<?xml version="1.0" encoding="UTF-8"?>
<coverage generated="1785426508176" clover="3.2.0">
  <project timestamp="1785426508176" name="All files">
    <metrics statements="107" coveredstatements="105" conditionals="63" coveredconditionals="60" methods="26" coveredmethods="26" elements="196" coveredelements="191" complexity="0" loc="107" ncloc="107" packages="3" files="9" classes="9"/>
    <package name="src">
      <metrics statements="22" coveredstatements="21" conditionals="12" coveredconditionals="10" methods="5" coveredmethods="5"/>
      <file name="App.css" path="/home/caleb/actual_project/minesweeper/client/src/App.css">
        <metrics statements="0" coveredstatements="0" conditionals="0" coveredconditionals="0" methods="0" coveredmethods="0"/>
      </file>
      <file name="App.jsx" path="/home/caleb/actual_project/minesweeper/client/src/App.jsx">
        <metrics statements="22" coveredstatements="21" conditionals="12" coveredconditionals="10" methods="5" coveredmethods="5"/>
        <line num="15" count="1" type="stmt"/>
        <line num="16" count="5" type="stmt"/>
        <line num="17" count="5" type="stmt"/>
        <line num="19" count="5" type="stmt"/>
        <line num="23" count="8" type="stmt"/>
        <line num="24" count="8" type="stmt"/>
        <line num="26" count="8" type="stmt"/>
        <line num="27" count="3" type="cond" truecount="1" falsecount="1"/>
        <line num="28" count="0" type="stmt"/>
        <line num="31" count="3" type="stmt"/>
        <line num="33" count="3" type="cond" truecount="2" falsecount="0"/>
        <line num="34" count="2" type="stmt"/>
        <line num="35" count="2" type="stmt"/>
        <line num="36" count="2" type="stmt"/>
        <line num="39" count="1" type="stmt"/>
        <line num="41" count="1" type="stmt"/>
        <line num="43" count="1" type="cond" truecount="1" falsecount="1"/>
        <line num="44" count="1" type="stmt"/>
        <line num="48" count="8" type="stmt"/>
        <line num="49" count="1" type="stmt"/>
        <line num="50" count="1" type="stmt"/>
        <line num="53" count="8" type="stmt"/>
      </file>
    </package>
    <package name="src.components">
      <metrics statements="11" coveredstatements="11" conditionals="15" coveredconditionals="15" methods="5" coveredmethods="5"/>
      <file name="Board.css" path="/home/caleb/actual_project/minesweeper/client/src/components/Board.css">
        <metrics statements="0" coveredstatements="0" conditionals="0" coveredconditionals="0" methods="0" coveredmethods="0"/>
      </file>
      <file name="Board.jsx" path="/home/caleb/actual_project/minesweeper/client/src/components/Board.jsx">
        <metrics statements="3" coveredstatements="3" conditionals="0" coveredconditionals="0" methods="3" coveredmethods="3"/>
        <line num="5" count="10" type="stmt"/>
        <line num="8" count="12" type="stmt"/>
        <line num="10" count="24" type="stmt"/>
      </file>
      <file name="Cell.css" path="/home/caleb/actual_project/minesweeper/client/src/components/Cell.css">
        <metrics statements="0" coveredstatements="0" conditionals="0" coveredconditionals="0" methods="0" coveredmethods="0"/>
      </file>
      <file name="Cell.jsx" path="/home/caleb/actual_project/minesweeper/client/src/components/Cell.jsx">
        <metrics statements="8" coveredstatements="8" conditionals="15" coveredconditionals="15" methods="2" coveredmethods="2"/>
        <line num="4" count="29" type="stmt"/>
        <line num="6" count="29" type="cond" truecount="4" falsecount="0"/>
        <line num="7" count="4" type="stmt"/>
        <line num="8" count="25" type="cond" truecount="4" falsecount="0"/>
        <line num="9" count="3" type="stmt"/>
        <line num="13" count="29" type="cond" truecount="5" falsecount="0"/>
        <line num="17" count="29" type="stmt"/>
        <line num="21" count="4" type="stmt"/>
      </file>
    </package>
    <package name="src.game">
      <metrics statements="74" coveredstatements="73" conditionals="36" coveredconditionals="35" methods="16" coveredmethods="16"/>
      <file name="board.js" path="/home/caleb/actual_project/minesweeper/client/src/game/board.js">
        <metrics statements="36" coveredstatements="36" conditionals="13" coveredconditionals="13" methods="7" coveredmethods="7"/>
        <line num="1" count="1" type="cond" truecount="2" falsecount="0"/>
        <line num="2" count="6" type="stmt"/>
        <line num="4" count="6" type="stmt"/>
        <line num="5" count="18" type="stmt"/>
        <line num="7" count="18" type="stmt"/>
        <line num="8" count="63" type="stmt"/>
        <line num="17" count="18" type="stmt"/>
        <line num="20" count="6" type="stmt"/>
        <line num="23" count="1" type="cond" truecount="1" falsecount="0"/>
        <line num="24" count="2" type="stmt"/>
        <line num="25" count="34" type="stmt"/>
        <line num="28" count="2" type="stmt"/>
        <line num="30" count="2" type="stmt"/>
        <line num="31" count="8" type="stmt"/>
        <line num="32" count="8" type="stmt"/>
        <line num="36" count="8" type="cond" truecount="2" falsecount="0"/>
        <line num="37" count="7" type="stmt"/>
        <line num="38" count="7" type="stmt"/>
        <line num="42" count="2" type="stmt"/>
        <line num="45" count="1" type="stmt"/>
        <line num="46" count="2" type="stmt"/>
        <line num="47" count="5" type="stmt"/>
        <line num="48" count="13" type="cond" truecount="2" falsecount="0"/>
        <line num="49" count="3" type="stmt"/>
        <line num="52" count="10" type="stmt"/>
        <line num="54" count="10" type="stmt"/>
        <line num="55" count="30" type="stmt"/>
        <line num="56" count="30" type="stmt"/>
        <line num="60" count="90" type="cond" truecount="4" falsecount="0"/>
        <line num="61" count="10" type="stmt"/>
        <line num="64" count="80" type="stmt"/>
        <line num="65" count="80" type="stmt"/>
        <line num="67" count="80" type="stmt"/>
        <line num="69" count="90" type="cond" truecount="2" falsecount="0"/>
        <line num="70" count="9" type="stmt"/>
        <line num="75" count="10" type="stmt"/>
      </file>
      <file name="hasWon.js" path="/home/caleb/actual_project/minesweeper/client/src/game/hasWon.js">
        <metrics statements="3" coveredstatements="3" conditionals="2" coveredconditionals="2" methods="3" coveredmethods="3"/>
        <line num="1" count="2" type="stmt"/>
        <line num="2" count="5" type="stmt"/>
        <line num="3" count="15" type="cond" truecount="2" falsecount="0"/>
      </file>
      <file name="revealCell.js" path="/home/caleb/actual_project/minesweeper/client/src/game/revealCell.js">
        <metrics statements="35" coveredstatements="34" conditionals="21" coveredconditionals="20" methods="6" coveredmethods="6"/>
        <line num="1" count="2" type="stmt"/>
        <line num="2" count="7" type="stmt"/>
        <line num="3" count="26" type="stmt"/>
        <line num="6" count="7" type="stmt"/>
        <line num="8" count="7" type="cond" truecount="2" falsecount="0"/>
        <line num="9" count="1" type="stmt"/>
        <line num="12" count="6" type="cond" truecount="2" falsecount="0"/>
        <line num="13" count="1" type="stmt"/>
        <line num="14" count="1" type="stmt"/>
        <line num="17" count="5" type="stmt"/>
        <line num="19" count="5" type="stmt"/>
        <line num="20" count="9" type="stmt"/>
        <line num="21" count="9" type="stmt"/>
        <line num="23" count="9" type="cond" truecount="3" falsecount="1"/>
        <line num="24" count="0" type="stmt"/>
        <line num="27" count="9" type="stmt"/>
        <line num="29" count="9" type="cond" truecount="2" falsecount="0"/>
        <line num="30" count="7" type="stmt"/>
        <line num="33" count="2" type="stmt"/>
        <line num="34" count="6" type="stmt"/>
        <line num="35" count="6" type="stmt"/>
        <line num="39" count="18" type="cond" truecount="4" falsecount="0"/>
        <line num="40" count="2" type="stmt"/>
        <line num="43" count="16" type="stmt"/>
        <line num="44" count="16" type="stmt"/>
        <line num="46" count="16" type="stmt"/>
        <line num="48" count="18" type="cond" truecount="2" falsecount="0"/>
        <line num="53" count="4" type="stmt"/>
        <line num="59" count="5" type="stmt"/>
        <line num="62" count="2" type="stmt"/>
        <line num="63" count="4" type="stmt"/>
        <line num="64" count="6" type="stmt"/>
        <line num="65" count="12" type="cond" truecount="2" falsecount="0"/>
        <line num="66" count="4" type="stmt"/>
        <line num="72" count="8" type="stmt"/>
      </file>
    </package>
  </project>
</coverage>
