{"/home/caleb/actual_project/minesweeper/client/src/App.css": {"path":"/home/caleb/actual_project/minesweeper/client/src/App.css","statementMap":{},"fnMap":{},"branchMap":{},"s":{},"f":{},"b":{},"meta":{"lastBranch":0,"lastFunction":0,"lastStatement":0,"seen":{},"fnNames":{}}}
,"/home/caleb/actual_project/minesweeper/client/src/App.jsx": {"path":"/home/caleb/actual_project/minesweeper/client/src/App.jsx","statementMap":{"0":{"start":{"line":15,"column":6},"end":{"line":20,"column":null}},"1":{"start":{"line":16,"column":21},"end":{"line":16,"column":38}},"2":{"start":{"line":17,"column":25},"end":{"line":17,"column":null}},"3":{"start":{"line":19,"column":2},"end":{"line":19,"column":null}},"4":{"start":{"line":23,"column":28},"end":{"line":23,"column":null}},"5":{"start":{"line":24,"column":38},"end":{"line":24,"column":null}},"6":{"start":{"line":26,"column":8},"end":{"line":46,"column":null}},"7":{"start":{"line":27,"column":4},"end":{"line":29,"column":null}},"8":{"start":{"line":28,"column":6},"end":{"line":28,"column":null}},"9":{"start":{"line":31,"column":24},"end":{"line":31,"column":null}},"10":{"start":{"line":33,"column":4},"end":{"line":37,"column":null}},"11":{"start":{"line":34,"column":6},"end":{"line":34,"column":null}},"12":{"start":{"line":34,"column":33},"end":{"line":34,"column":61}},"13":{"start":{"line":35,"column":6},"end":{"line":35,"column":null}},"14":{"start":{"line":36,"column":6},"end":{"line":36,"column":null}},"15":{"start":{"line":39,"column":25},"end":{"line":39,"column":null}},"16":{"start":{"line":41,"column":4},"end":{"line":41,"column":null}},"17":{"start":{"line":43,"column":4},"end":{"line":45,"column":null}},"18":{"start":{"line":44,"column":6},"end":{"line":44,"column":null}},"19":{"start":{"line":48,"column":8},"end":{"line":51,"column":null}},"20":{"start":{"line":49,"column":4},"end":{"line":49,"column":null}},"21":{"start":{"line":50,"column":4},"end":{"line":50,"column":null}},"22":{"start":{"line":53,"column":0},"end":{"line":79,"column":null}}},"fnMap":{"0":{"name":"(anonymous_0)","decl":{"start":{"line":15,"column":6},"end":{"line":15,"column":29}},"loc":{"start":{"line":15,"column":29},"end":{"line":20,"column":null}},"line":15},"1":{"name":"App","decl":{"start":{"line":22,"column":9},"end":{"line":22,"column":15}},"loc":{"start":{"line":22,"column":15},"end":{"line":82,"column":null}},"line":22},"2":{"name":"(anonymous_2)","decl":{"start":{"line":26,"column":8},"end":{"line":26,"column":27}},"loc":{"start":{"line":26,"column":43},"end":{"line":46,"column":null}},"line":26},"3":{"name":"(anonymous_3)","decl":{"start":{"line":34,"column":6},"end":{"line":34,"column":16}},"loc":{"start":{"line":34,"column":33},"end":{"line":34,"column":61}},"line":34},"4":{"name":"(anonymous_4)","decl":{"start":{"line":48,"column":8},"end":{"line":48,"column":30}},"loc":{"start":{"line":48,"column":30},"end":{"line":51,"column":null}},"line":48}},"branchMap":{"0":{"loc":{"start":{"line":27,"column":4},"end":{"line":29,"column":null}},"type":"if","locations":[{"start":{"line":27,"column":4},"end":{"line":29,"column":null}},{"start":{},"end":{}}],"line":27},"1":{"loc":{"start":{"line":33,"column":4},"end":{"line":37,"column":null}},"type":"if","locations":[{"start":{"line":33,"column":4},"end":{"line":37,"column":null}},{"start":{},"end":{}}],"line":33},"2":{"loc":{"start":{"line":43,"column":4},"end":{"line":45,"column":null}},"type":"if","locations":[{"start":{"line":43,"column":4},"end":{"line":45,"column":null}},{"start":{},"end":{}}],"line":43},"3":{"loc":{"start":{"line":67,"column":13},"end":{"line":67,"column":null}},"type":"binary-expr","locations":[{"start":{"line":67,"column":13},"end":{"line":67,"column":41}},{"start":{"line":67,"column":41},"end":{"line":67,"column":null}}],"line":67},"4":{"loc":{"start":{"line":68,"column":13},"end":{"line":68,"column":null}},"type":"binary-expr","locations":[{"start":{"line":68,"column":13},"end":{"line":68,"column":38}},{"start":{"line":68,"column":38},"end":{"line":68,"column":null}}],"line":68},"5":{"loc":{"start":{"line":69,"column":13},"end":{"line":69,"column":null}},"type":"binary-expr","locations":[{"start":{"line":69,"column":13},"end":{"line":69,"column":37}},{"start":{"line":69,"column":37},"end":{"line":69,"column":null}}],"line":69}},"s":{"0":1,"1":5,"2":5,"3":5,"4":8,"5":8,"6":8,"7":3,"8":0,"9":3,"10":3,"11":2,"12":2,"13":2,"14":2,"15":1,"16":1,"17":1,"18":1,"19":8,"20":1,"21":1,"22":8},"f":{"0":5,"1":8,"2":3,"3":2,"4":1},"b":{"0":[0,3],"1":[2,1],"2":[1,0],"3":[8,5],"4":[8,2],"5":[8,1]},"meta":{"lastBranch":6,"lastFunction":5,"lastStatement":23,"seen":{"s:15:6:20:Infinity":0,"f:15:6:15:29":0,"s:16:21:16:38":1,"s:17:25:17:Infinity":2,"s:19:2:19:Infinity":3,"f:22:9:22:15":1,"s:23:28:23:Infinity":4,"s:24:38:24:Infinity":5,"s:26:8:46:Infinity":6,"f:26:8:26:27":2,"b:27:4:29:Infinity:undefined:undefined:undefined:undefined":0,"s:27:4:29:Infinity":7,"s:28:6:28:Infinity":8,"s:31:24:31:Infinity":9,"b:33:4:37:Infinity:undefined:undefined:undefined:undefined":1,"s:33:4:37:Infinity":10,"s:34:6:34:Infinity":11,"f:34:6:34:16":3,"s:34:33:34:61":12,"s:35:6:35:Infinity":13,"s:36:6:36:Infinity":14,"s:39:25:39:Infinity":15,"s:41:4:41:Infinity":16,"b:43:4:45:Infinity:undefined:undefined:undefined:undefined":2,"s:43:4:45:Infinity":17,"s:44:6:44:Infinity":18,"s:48:8:51:Infinity":19,"f:48:8:48:30":4,"s:49:4:49:Infinity":20,"s:50:4:50:Infinity":21,"s:53:0:79:Infinity":22,"b:67:13:67:41:67:41:67:Infinity":3,"b:68:13:68:38:68:38:68:Infinity":4,"b:69:13:69:37:69:37:69:Infinity":5},"fnNames":{}}}
,"/home/caleb/actual_project/minesweeper/client/src/components/Board.css": {"path":"/home/caleb/actual_project/minesweeper/client/src/components/Board.css","statementMap":{},"fnMap":{},"branchMap":{},"s":{},"f":{},"b":{},"meta":{"lastBranch":0,"lastFunction":0,"lastStatement":0,"seen":{},"fnNames":{}}}
,"/home/caleb/actual_project/minesweeper/client/src/components/Board.jsx": {"path":"/home/caleb/actual_project/minesweeper/client/src/components/Board.jsx","statementMap":{"0":{"start":{"line":5,"column":2},"end":{"line":18,"column":null}},"1":{"start":{"line":8,"column":8},"end":{"line":16,"column":null}},"2":{"start":{"line":10,"column":12},"end":{"line":14,"column":null}}},"fnMap":{"0":{"name":"Board","decl":{"start":{"line":4,"column":9},"end":{"line":4,"column":15}},"loc":{"start":{"line":4,"column":39},"end":{"line":20,"column":null}},"line":4},"1":{"name":"(anonymous_1)","decl":{"start":{"line":7,"column":13},"end":{"line":7,"column":18}},"loc":{"start":{"line":8,"column":8},"end":{"line":16,"column":null}},"line":8},"2":{"name":"(anonymous_2)","decl":{"start":{"line":9,"column":15},"end":{"line":9,"column":20}},"loc":{"start":{"line":10,"column":12},"end":{"line":14,"column":null}},"line":10}},"branchMap":{},"s":{"0":10,"1":12,"2":24},"f":{"0":10,"1":12,"2":24},"b":{},"meta":{"lastBranch":0,"lastFunction":3,"lastStatement":3,"seen":{"f:4:9:4:15":0,"s:5:2:18:Infinity":0,"f:7:13:7:18":1,"s:8:8:16:Infinity":1,"f:9:15:9:20":2,"s:10:12:14:Infinity":2},"fnNames":{}}}
,"/home/caleb/actual_project/minesweeper/client/src/components/Cell.css": {"path":"/home/caleb/actual_project/minesweeper/client/src/components/Cell.css","statementMap":{},"fnMap":{},"branchMap":{},"s":{},"f":{},"b":{},"meta":{"lastBranch":0,"lastFunction":0,"lastStatement":0,"seen":{},"fnNames":{}}}
,"/home/caleb/actual_project/minesweeper/client/src/components/Cell.jsx": {"path":"/home/caleb/actual_project/minesweeper/client/src/components/Cell.jsx","statementMap":{"0":{"start":{"line":4,"column":20},"end":{"line":4,"column":null}},"1":{"start":{"line":6,"column":2},"end":{"line":10,"column":null}},"2":{"start":{"line":7,"column":4},"end":{"line":7,"column":null}},"3":{"start":{"line":8,"column":9},"end":{"line":10,"column":null}},"4":{"start":{"line":9,"column":4},"end":{"line":9,"column":null}},"5":{"start":{"line":13,"column":4},"end":{"line":15,"column":null}},"6":{"start":{"line":17,"column":2},"end":{"line":25,"column":null}},"7":{"start":{"line":21,"column":21},"end":{"line":21,"column":null}}},"fnMap":{"0":{"name":"Cell","decl":{"start":{"line":3,"column":9},"end":{"line":3,"column":14}},"loc":{"start":{"line":3,"column":37},"end":{"line":27,"column":null}},"line":3},"1":{"name":"(anonymous_1)","decl":{"start":{"line":21,"column":6},"end":{"line":21,"column":21}},"loc":{"start":{"line":21,"column":21},"end":{"line":21,"column":null}},"line":21}},"branchMap":{"0":{"loc":{"start":{"line":6,"column":2},"end":{"line":10,"column":null}},"type":"if","locations":[{"start":{"line":6,"column":2},"end":{"line":10,"column":null}},{"start":{"line":8,"column":9},"end":{"line":10,"column":null}}],"line":6},"1":{"loc":{"start":{"line":6,"column":6},"end":{"line":6,"column":38}},"type":"binary-expr","locations":[{"start":{"line":6,"column":6},"end":{"line":6,"column":25}},{"start":{"line":6,"column":25},"end":{"line":6,"column":38}}],"line":6},"2":{"loc":{"start":{"line":8,"column":9},"end":{"line":10,"column":null}},"type":"if","locations":[{"start":{"line":8,"column":9},"end":{"line":10,"column":null}},{"start":{},"end":{}}],"line":8},"3":{"loc":{"start":{"line":8,"column":13},"end":{"line":8,"column":60}},"type":"binary-expr","locations":[{"start":{"line":8,"column":13},"end":{"line":8,"column":32}},{"start":{"line":8,"column":32},"end":{"line":8,"column":60}}],"line":8},"4":{"loc":{"start":{"line":13,"column":4},"end":{"line":15,"column":null}},"type":"cond-expr","locations":[{"start":{"line":14,"column":8},"end":{"line":14,"column":null}},{"start":{"line":15,"column":8},"end":{"line":15,"column":null}}],"line":13},"5":{"loc":{"start":{"line":13,"column":4},"end":{"line":13,"column":null}},"type":"binary-expr","locations":[{"start":{"line":13,"column":4},"end":{"line":13,"column":23}},{"start":{"line":13,"column":23},"end":{"line":13,"column":39}},{"start":{"line":13,"column":39},"end":{"line":13,"column":null}}],"line":13},"6":{"loc":{"start":{"line":19,"column":25},"end":{"line":19,"column":59}},"type":"cond-expr","locations":[{"start":{"line":19,"column":43},"end":{"line":19,"column":56}},{"start":{"line":19,"column":56},"end":{"line":19,"column":59}}],"line":19}},"s":{"0":29,"1":29,"2":4,"3":25,"4":3,"5":29,"6":29,"7":4},"f":{"0":29,"1":4},"b":{"0":[4,25],"1":[29,8],"2":[3,22],"3":[25,4],"4":[3,26],"5":[29,8,4],"6":[8,21]},"meta":{"lastBranch":7,"lastFunction":2,"lastStatement":8,"seen":{"f:3:9:3:14":0,"s:4:20:4:Infinity":0,"b:6:2:10:Infinity:8:9:10:Infinity":0,"s:6:2:10:Infinity":1,"b:6:6:6:25:6:25:6:38":1,"s:7:4:7:Infinity":2,"b:8:9:10:Infinity:undefined:undefined:undefined:undefined":2,"s:8:9:10:Infinity":3,"b:8:13:8:32:8:32:8:60":3,"s:9:4:9:Infinity":4,"s:13:4:15:Infinity":5,"b:14:8:14:Infinity:15:8:15:Infinity":4,"b:13:4:13:23:13:23:13:39:13:39:13:Infinity":5,"s:17:2:25:Infinity":6,"b:19:43:19:56:19:56:19:59":6,"f:21:6:21:21":1,"s:21:21:21:Infinity":7},"fnNames":{}}}
,"/home/caleb/actual_project/minesweeper/client/src/game/board.js": {"path":"/home/caleb/actual_project/minesweeper/client/src/game/board.js","statementMap":{"0":{"start":{"line":1,"column":13},"end":{"line":21,"column":null}},"1":{"start":{"line":2,"column":16},"end":{"line":2,"column":null}},"2":{"start":{"line":4,"column":2},"end":{"line":18,"column":null}},"3":{"start":{"line":4,"column":17},"end":{"line":4,"column":20}},"4":{"start":{"line":5,"column":23},"end":{"line":5,"column":null}},"5":{"start":{"line":7,"column":4},"end":{"line":15,"column":null}},"6":{"start":{"line":7,"column":22},"end":{"line":7,"column":25}},"7":{"start":{"line":8,"column":6},"end":{"line":14,"column":null}},"8":{"start":{"line":17,"column":4},"end":{"line":17,"column":null}},"9":{"start":{"line":20,"column":2},"end":{"line":20,"column":null}},"10":{"start":{"line":23,"column":13},"end":{"line":43,"column":null}},"11":{"start":{"line":24,"column":20},"end":{"line":26,"column":null}},"12":{"start":{"line":25,"column":4},"end":{"line":25,"column":null}},"13":{"start":{"line":25,"column":23},"end":{"line":25,"column":35}},"14":{"start":{"line":28,"column":20},"end":{"line":28,"column":null}},"15":{"start":{"line":30,"column":2},"end":{"line":40,"column":null}},"16":{"start":{"line":31,"column":22},"end":{"line":31,"column":null}},"17":{"start":{"line":32,"column":25},"end":{"line":34,"column":null}},"18":{"start":{"line":36,"column":4},"end":{"line":39,"column":null}},"19":{"start":{"line":37,"column":6},"end":{"line":37,"column":null}},"20":{"start":{"line":38,"column":6},"end":{"line":38,"column":null}},"21":{"start":{"line":42,"column":2},"end":{"line":42,"column":null}},"22":{"start":{"line":45,"column":13},"end":{"line":81,"column":null}},"23":{"start":{"line":46,"column":2},"end":{"line":80,"column":null}},"24":{"start":{"line":47,"column":4},"end":{"line":79,"column":null}},"25":{"start":{"line":48,"column":6},"end":{"line":50,"column":null}},"26":{"start":{"line":49,"column":8},"end":{"line":49,"column":null}},"27":{"start":{"line":52,"column":22},"end":{"line":52,"column":null}},"28":{"start":{"line":54,"column":6},"end":{"line":73,"column":null}},"29":{"start":{"line":54,"column":27},"end":{"line":54,"column":31}},"30":{"start":{"line":55,"column":8},"end":{"line":72,"column":null}},"31":{"start":{"line":56,"column":29},"end":{"line":56,"column":null}},"32":{"start":{"line":60,"column":10},"end":{"line":62,"column":null}},"33":{"start":{"line":61,"column":12},"end":{"line":61,"column":null}},"34":{"start":{"line":64,"column":30},"end":{"line":64,"column":null}},"35":{"start":{"line":65,"column":33},"end":{"line":65,"column":null}},"36":{"start":{"line":67,"column":27},"end":{"line":67,"column":null}},"37":{"start":{"line":69,"column":10},"end":{"line":71,"column":null}},"38":{"start":{"line":70,"column":12},"end":{"line":70,"column":null}},"39":{"start":{"line":75,"column":6},"end":{"line":78,"column":null}}},"fnMap":{"0":{"name":"(anonymous_0)","decl":{"start":{"line":1,"column":13},"end":{"line":1,"column":33}},"loc":{"start":{"line":1,"column":61},"end":{"line":21,"column":null}},"line":1},"1":{"name":"(anonymous_1)","decl":{"start":{"line":23,"column":13},"end":{"line":23,"column":27}},"loc":{"start":{"line":23,"column":53},"end":{"line":43,"column":null}},"line":23},"2":{"name":"(anonymous_2)","decl":{"start":{"line":24,"column":26},"end":{"line":24,"column":31}},"loc":{"start":{"line":25,"column":4},"end":{"line":25,"column":null}},"line":25},"3":{"name":"(anonymous_3)","decl":{"start":{"line":25,"column":8},"end":{"line":25,"column":13}},"loc":{"start":{"line":25,"column":23},"end":{"line":25,"column":35}},"line":25},"4":{"name":"(anonymous_4)","decl":{"start":{"line":45,"column":13},"end":{"line":45,"column":44}},"loc":{"start":{"line":45,"column":54},"end":{"line":81,"column":null}},"line":45},"5":{"name":"(anonymous_5)","decl":{"start":{"line":46,"column":15},"end":{"line":46,"column":20}},"loc":{"start":{"line":47,"column":4},"end":{"line":79,"column":null}},"line":47},"6":{"name":"(anonymous_6)","decl":{"start":{"line":47,"column":8},"end":{"line":47,"column":13}},"loc":{"start":{"line":47,"column":22},"end":{"line":79,"column":5}},"line":47}},"branchMap":{"0":{"loc":{"start":{"line":1,"column":33},"end":{"line":1,"column":44}},"type":"default-arg","locations":[{"start":{"line":1,"column":40},"end":{"line":1,"column":44}}],"line":1},"1":{"loc":{"start":{"line":1,"column":44},"end":{"line":1,"column":61}},"type":"default-arg","locations":[{"start":{"line":1,"column":54},"end":{"line":1,"column":61}}],"line":1},"2":{"loc":{"start":{"line":23,"column":34},"end":{"line":23,"column":53}},"type":"default-arg","locations":[{"start":{"line":23,"column":46},"end":{"line":23,"column":53}}],"line":23},"3":{"loc":{"start":{"line":36,"column":4},"end":{"line":39,"column":null}},"type":"if","locations":[{"start":{"line":36,"column":4},"end":{"line":39,"column":null}},{"start":{},"end":{}}],"line":36},"4":{"loc":{"start":{"line":48,"column":6},"end":{"line":50,"column":null}},"type":"if","locations":[{"start":{"line":48,"column":6},"end":{"line":50,"column":null}},{"start":{},"end":{}}],"line":48},"5":{"loc":{"start":{"line":60,"column":10},"end":{"line":62,"column":null}},"type":"if","locations":[{"start":{"line":60,"column":10},"end":{"line":62,"column":null}},{"start":{},"end":{}}],"line":60},"6":{"loc":{"start":{"line":60,"column":14},"end":{"line":60,"column":53}},"type":"binary-expr","locations":[{"start":{"line":60,"column":14},"end":{"line":60,"column":33}},{"start":{"line":60,"column":33},"end":{"line":60,"column":53}}],"line":60},"7":{"loc":{"start":{"line":69,"column":10},"end":{"line":71,"column":null}},"type":"if","locations":[{"start":{"line":69,"column":10},"end":{"line":71,"column":null}},{"start":{},"end":{}}],"line":69}},"s":{"0":1,"1":6,"2":6,"3":6,"4":18,"5":18,"6":18,"7":63,"8":18,"9":6,"10":1,"11":2,"12":8,"13":34,"14":2,"15":2,"16":8,"17":8,"18":8,"19":7,"20":7,"21":2,"22":1,"23":2,"24":5,"25":13,"26":3,"27":10,"28":10,"29":10,"30":30,"31":30,"32":90,"33":10,"34":80,"35":80,"36":80,"37":90,"38":9,"39":10},"f":{"0":6,"1":2,"2":8,"3":34,"4":2,"5":5,"6":13},"b":{"0":[6],"1":[6],"2":[2],"3":[7,1],"4":[3,10],"5":[10,80],"6":[90,30],"7":[9,81]},"meta":{"lastBranch":8,"lastFunction":7,"lastStatement":40,"seen":{"s:1:13:21:Infinity":0,"f:1:13:1:33":0,"b:1:40:1:44":0,"b:1:54:1:61":1,"s:2:16:2:Infinity":1,"s:4:2:18:Infinity":2,"s:4:17:4:20":3,"s:5:23:5:Infinity":4,"s:7:4:15:Infinity":5,"s:7:22:7:25":6,"s:8:6:14:Infinity":7,"s:17:4:17:Infinity":8,"s:20:2:20:Infinity":9,"s:23:13:43:Infinity":10,"f:23:13:23:27":1,"b:23:46:23:53":2,"s:24:20:26:Infinity":11,"f:24:26:24:31":2,"s:25:4:25:Infinity":12,"f:25:8:25:13":3,"s:25:23:25:35":13,"s:28:20:28:Infinity":14,"s:30:2:40:Infinity":15,"s:31:22:31:Infinity":16,"s:32:25:34:Infinity":17,"b:36:4:39:Infinity:undefined:undefined:undefined:undefined":3,"s:36:4:39:Infinity":18,"s:37:6:37:Infinity":19,"s:38:6:38:Infinity":20,"s:42:2:42:Infinity":21,"s:45:13:81:Infinity":22,"f:45:13:45:44":4,"s:46:2:80:Infinity":23,"f:46:15:46:20":5,"s:47:4:79:Infinity":24,"f:47:8:47:13":6,"b:48:6:50:Infinity:undefined:undefined:undefined:undefined":4,"s:48:6:50:Infinity":25,"s:49:8:49:Infinity":26,"s:52:22:52:Infinity":27,"s:54:6:73:Infinity":28,"s:54:27:54:31":29,"s:55:8:72:Infinity":30,"s:56:29:56:Infinity":31,"b:60:10:62:Infinity:undefined:undefined:undefined:undefined":5,"s:60:10:62:Infinity":32,"b:60:14:60:33:60:33:60:53":6,"s:61:12:61:Infinity":33,"s:64:30:64:Infinity":34,"s:65:33:65:Infinity":35,"s:67:27:67:Infinity":36,"b:69:10:71:Infinity:undefined:undefined:undefined:undefined":7,"s:69:10:71:Infinity":37,"s:70:12:70:Infinity":38,"s:75:6:78:Infinity":39},"fnNames":{}}}
,"/home/caleb/actual_project/minesweeper/client/src/game/hasWon.js": {"path":"/home/caleb/actual_project/minesweeper/client/src/game/hasWon.js","statementMap":{"0":{"start":{"line":1,"column":13},"end":{"line":5,"column":null}},"1":{"start":{"line":2,"column":2},"end":{"line":4,"column":null}},"2":{"start":{"line":3,"column":4},"end":{"line":3,"column":null}},"3":{"start":{"line":3,"column":24},"end":{"line":3,"column":54}}},"fnMap":{"0":{"name":"(anonymous_0)","decl":{"start":{"line":1,"column":13},"end":{"line":1,"column":23}},"loc":{"start":{"line":1,"column":33},"end":{"line":5,"column":null}},"line":1},"1":{"name":"(anonymous_1)","decl":{"start":{"line":2,"column":15},"end":{"line":2,"column":22}},"loc":{"start":{"line":3,"column":4},"end":{"line":3,"column":null}},"line":3},"2":{"name":"(anonymous_2)","decl":{"start":{"line":3,"column":8},"end":{"line":3,"column":15}},"loc":{"start":{"line":3,"column":24},"end":{"line":3,"column":54}},"line":3}},"branchMap":{"0":{"loc":{"start":{"line":3,"column":24},"end":{"line":3,"column":54}},"type":"binary-expr","locations":[{"start":{"line":3,"column":24},"end":{"line":3,"column":39}},{"start":{"line":3,"column":39},"end":{"line":3,"column":54}}],"line":3}},"s":{"0":2,"1":5,"2":8,"3":15},"f":{"0":5,"1":8,"2":15},"b":{"0":[15,11]},"meta":{"lastBranch":1,"lastFunction":3,"lastStatement":4,"seen":{"s:1:13:5:Infinity":0,"f:1:13:1:23":0,"s:2:2:4:Infinity":1,"f:2:15:2:22":1,"s:3:4:3:Infinity":2,"f:3:8:3:15":2,"s:3:24:3:54":3,"b:3:24:3:39:3:39:3:54":0},"fnNames":{}}}
,"/home/caleb/actual_project/minesweeper/client/src/game/revealCell.js": {"path":"/home/caleb/actual_project/minesweeper/client/src/game/revealCell.js","statementMap":{"0":{"start":{"line":1,"column":13},"end":{"line":60,"column":null}},"1":{"start":{"line":2,"column":20},"end":{"line":4,"column":null}},"2":{"start":{"line":3,"column":4},"end":{"line":3,"column":null}},"3":{"start":{"line":3,"column":23},"end":{"line":3,"column":35}},"4":{"start":{"line":6,"column":23},"end":{"line":6,"column":null}},"5":{"start":{"line":8,"column":2},"end":{"line":10,"column":null}},"6":{"start":{"line":9,"column":4},"end":{"line":9,"column":null}},"7":{"start":{"line":12,"column":2},"end":{"line":15,"column":null}},"8":{"start":{"line":13,"column":4},"end":{"line":13,"column":null}},"9":{"start":{"line":14,"column":4},"end":{"line":14,"column":null}},"10":{"start":{"line":17,"column":23},"end":{"line":17,"column":null}},"11":{"start":{"line":19,"column":2},"end":{"line":57,"column":null}},"12":{"start":{"line":20,"column":26},"end":{"line":20,"column":null}},"13":{"start":{"line":21,"column":24},"end":{"line":21,"column":null}},"14":{"start":{"line":23,"column":4},"end":{"line":25,"column":null}},"15":{"start":{"line":24,"column":6},"end":{"line":24,"column":null}},"16":{"start":{"line":27,"column":4},"end":{"line":27,"column":null}},"17":{"start":{"line":29,"column":4},"end":{"line":31,"column":null}},"18":{"start":{"line":30,"column":6},"end":{"line":30,"column":null}},"19":{"start":{"line":33,"column":4},"end":{"line":56,"column":null}},"20":{"start":{"line":33,"column":25},"end":{"line":33,"column":29}},"21":{"start":{"line":34,"column":6},"end":{"line":55,"column":null}},"22":{"start":{"line":35,"column":27},"end":{"line":35,"column":null}},"23":{"start":{"line":39,"column":8},"end":{"line":41,"column":null}},"24":{"start":{"line":40,"column":10},"end":{"line":40,"column":null}},"25":{"start":{"line":43,"column":28},"end":{"line":43,"column":null}},"26":{"start":{"line":44,"column":31},"end":{"line":44,"column":null}},"27":{"start":{"line":46,"column":25},"end":{"line":46,"column":null}},"28":{"start":{"line":48,"column":8},"end":{"line":54,"column":null}},"29":{"start":{"line":53,"column":10},"end":{"line":53,"column":null}},"30":{"start":{"line":59,"column":2},"end":{"line":59,"column":null}},"31":{"start":{"line":62,"column":13},"end":{"line":75,"column":null}},"32":{"start":{"line":63,"column":2},"end":{"line":74,"column":null}},"33":{"start":{"line":64,"column":4},"end":{"line":73,"column":null}},"34":{"start":{"line":65,"column":6},"end":{"line":70,"column":null}},"35":{"start":{"line":66,"column":8},"end":{"line":69,"column":null}},"36":{"start":{"line":72,"column":6},"end":{"line":72,"column":null}}},"fnMap":{"0":{"name":"(anonymous_0)","decl":{"start":{"line":1,"column":13},"end":{"line":1,"column":27}},"loc":{"start":{"line":1,"column":66},"end":{"line":60,"column":null}},"line":1},"1":{"name":"(anonymous_1)","decl":{"start":{"line":2,"column":26},"end":{"line":2,"column":31}},"loc":{"start":{"line":3,"column":4},"end":{"line":3,"column":null}},"line":3},"2":{"name":"(anonymous_2)","decl":{"start":{"line":3,"column":8},"end":{"line":3,"column":13}},"loc":{"start":{"line":3,"column":23},"end":{"line":3,"column":35}},"line":3},"3":{"name":"(anonymous_3)","decl":{"start":{"line":62,"column":13},"end":{"line":62,"column":31}},"loc":{"start":{"line":62,"column":41},"end":{"line":75,"column":null}},"line":62},"4":{"name":"(anonymous_4)","decl":{"start":{"line":63,"column":15},"end":{"line":63,"column":20}},"loc":{"start":{"line":64,"column":4},"end":{"line":73,"column":null}},"line":64},"5":{"name":"(anonymous_5)","decl":{"start":{"line":64,"column":8},"end":{"line":64,"column":13}},"loc":{"start":{"line":64,"column":22},"end":{"line":73,"column":5}},"line":64}},"branchMap":{"0":{"loc":{"start":{"line":8,"column":2},"end":{"line":10,"column":null}},"type":"if","locations":[{"start":{"line":8,"column":2},"end":{"line":10,"column":null}},{"start":{},"end":{}}],"line":8},"1":{"loc":{"start":{"line":12,"column":2},"end":{"line":15,"column":null}},"type":"if","locations":[{"start":{"line":12,"column":2},"end":{"line":15,"column":null}},{"start":{},"end":{}}],"line":12},"2":{"loc":{"start":{"line":23,"column":4},"end":{"line":25,"column":null}},"type":"if","locations":[{"start":{"line":23,"column":4},"end":{"line":25,"column":null}},{"start":{},"end":{}}],"line":23},"3":{"loc":{"start":{"line":23,"column":8},"end":{"line":23,"column":54}},"type":"binary-expr","locations":[{"start":{"line":23,"column":8},"end":{"line":23,"column":34}},{"start":{"line":23,"column":34},"end":{"line":23,"column":54}}],"line":23},"4":{"loc":{"start":{"line":29,"column":4},"end":{"line":31,"column":null}},"type":"if","locations":[{"start":{"line":29,"column":4},"end":{"line":31,"column":null}},{"start":{},"end":{}}],"line":29},"5":{"loc":{"start":{"line":39,"column":8},"end":{"line":41,"column":null}},"type":"if","locations":[{"start":{"line":39,"column":8},"end":{"line":41,"column":null}},{"start":{},"end":{}}],"line":39},"6":{"loc":{"start":{"line":39,"column":12},"end":{"line":39,"column":51}},"type":"binary-expr","locations":[{"start":{"line":39,"column":12},"end":{"line":39,"column":31}},{"start":{"line":39,"column":31},"end":{"line":39,"column":51}}],"line":39},"7":{"loc":{"start":{"line":48,"column":8},"end":{"line":54,"column":null}},"type":"if","locations":[{"start":{"line":48,"column":8},"end":{"line":54,"column":null}},{"start":{},"end":{}}],"line":48},"8":{"loc":{"start":{"line":49,"column":10},"end":{"line":51,"column":null}},"type":"binary-expr","locations":[{"start":{"line":49,"column":10},"end":{"line":49,"column":null}},{"start":{"line":50,"column":10},"end":{"line":50,"column":null}},{"start":{"line":51,"column":10},"end":{"line":51,"column":null}}],"line":49},"9":{"loc":{"start":{"line":65,"column":6},"end":{"line":70,"column":null}},"type":"if","locations":[{"start":{"line":65,"column":6},"end":{"line":70,"column":null}},{"start":{},"end":{}}],"line":65}},"s":{"0":2,"1":7,"2":13,"3":26,"4":7,"5":7,"6":1,"7":6,"8":1,"9":1,"10":5,"11":5,"12":9,"13":9,"14":9,"15":0,"16":9,"17":9,"18":7,"19":2,"20":2,"21":6,"22":6,"23":18,"24":2,"25":16,"26":16,"27":16,"28":18,"29":4,"30":5,"31":2,"32":4,"33":6,"34":12,"35":4,"36":8},"f":{"0":7,"1":13,"2":26,"3":4,"4":6,"5":12},"b":{"0":[1,6],"1":[1,5],"2":[0,9],"3":[9,9],"4":[7,2],"5":[2,16],"6":[18,6],"7":[4,14],"8":[18,6,6],"9":[4,8]},"meta":{"lastBranch":10,"lastFunction":6,"lastStatement":37,"seen":{"s:1:13:60:Infinity":0,"f:1:13:1:27":0,"s:2:20:4:Infinity":1,"f:2:26:2:31":1,"s:3:4:3:Infinity":2,"f:3:8:3:13":2,"s:3:23:3:35":3,"s:6:23:6:Infinity":4,"b:8:2:10:Infinity:undefined:undefined:undefined:undefined":0,"s:8:2:10:Infinity":5,"s:9:4:9:Infinity":6,"b:12:2:15:Infinity:undefined:undefined:undefined:undefined":1,"s:12:2:15:Infinity":7,"s:13:4:13:Infinity":8,"s:14:4:14:Infinity":9,"s:17:23:17:Infinity":10,"s:19:2:57:Infinity":11,"s:20:26:20:Infinity":12,"s:21:24:21:Infinity":13,"b:23:4:25:Infinity:undefined:undefined:undefined:undefined":2,"s:23:4:25:Infinity":14,"b:23:8:23:34:23:34:23:54":3,"s:24:6:24:Infinity":15,"s:27:4:27:Infinity":16,"b:29:4:31:Infinity:undefined:undefined:undefined:undefined":4,"s:29:4:31:Infinity":17,"s:30:6:30:Infinity":18,"s:33:4:56:Infinity":19,"s:33:25:33:29":20,"s:34:6:55:Infinity":21,"s:35:27:35:Infinity":22,"b:39:8:41:Infinity:undefined:undefined:undefined:undefined":5,"s:39:8:41:Infinity":23,"b:39:12:39:31:39:31:39:51":6,"s:40:10:40:Infinity":24,"s:43:28:43:Infinity":25,"s:44:31:44:Infinity":26,"s:46:25:46:Infinity":27,"b:48:8:54:Infinity:undefined:undefined:undefined:undefined":7,"s:48:8:54:Infinity":28,"b:49:10:49:Infinity:50:10:50:Infinity:51:10:51:Infinity":8,"s:53:10:53:Infinity":29,"s:59:2:59:Infinity":30,"s:62:13:75:Infinity":31,"f:62:13:62:31":3,"s:63:2:74:Infinity":32,"f:63:15:63:20":4,"s:64:4:73:Infinity":33,"f:64:8:64:13":5,"b:65:6:70:Infinity:undefined:undefined:undefined:undefined":9,"s:65:6:70:Infinity":34,"s:66:8:69:Infinity":35,"s:72:6:72:Infinity":36},"fnNames":{}}}
}
